[20-Nov-2023 17:05:39 UTC] PHP Warning:  Undefined array key "HTTP_HOST" in C:\Users\User\Local Sites\gp-solutions-promo\app\public\wp-includes\functions.php on line 6239
[20-Nov-2023 17:05:39 UTC] PHP Warning:  Undefined array key "HTTP_HOST" in C:\Users\User\Local Sites\gp-solutions-promo\app\public\wp-includes\functions.php on line 6239
[20-Nov-2023 17:05:39 UTC] PHP Warning:  Undefined array key "HTTP_HOST" in C:\Users\User\Local Sites\gp-solutions-promo\app\public\wp-includes\functions.php on line 6239
[20-Nov-2023 17:05:39 UTC] PHP Warning:  Undefined array key "HTTP_HOST" in C:\Users\User\Local Sites\gp-solutions-promo\app\public\wp-includes\functions.php on line 6239
[20-Nov-2023 18:39:47 UTC] PHP Parse error:  syntax error, unexpected token "echo" in C:\Users\User\Local Sites\gp-solutions-promo\app\public\wp-content\themes\gp-solution\header.php on line 28
[20-Nov-2023 18:40:46 UTC] PHP Parse error:  syntax error, unexpected token "echo" in C:\Users\User\Local Sites\gp-solutions-promo\app\public\wp-content\themes\gp-solution\header.php on line 27
[20-Nov-2023 18:41:31 UTC] PHP Parse error:  syntax error, unexpected token "echo" in C:\Users\User\Local Sites\gp-solutions-promo\app\public\wp-content\themes\gp-solution\header.php on line 27
[21-Nov-2023 09:44:34 UTC] PHP Parse error:  syntax error, unexpected token "<" in C:\Users\User\Local Sites\gp-solutions-promo\app\public\wp-content\themes\gp-solution\page-main.php on line 10
[21-Nov-2023 10:36:27 UTC] PHP Warning:  Undefined variable $customersCategoriesGrid in C:\Users\User\Local Sites\gp-solutions-promo\app\public\wp-content\themes\gp-solution\page-main.php on line 86
[21-Nov-2023 10:49:52 UTC] PHP Warning:  Undefined variable $employee in C:\Users\User\Local Sites\gp-solutions-promo\app\public\wp-content\themes\gp-solution\page-main.php on line 134
[21-Nov-2023 10:49:52 UTC] PHP Warning:  Trying to access array offset on value of type null in C:\Users\User\Local Sites\gp-solutions-promo\app\public\wp-content\themes\gp-solution\page-main.php on line 134
[21-Nov-2023 10:49:52 UTC] PHP Warning:  Undefined variable $employee in C:\Users\User\Local Sites\gp-solutions-promo\app\public\wp-content\themes\gp-solution\page-main.php on line 135
[21-Nov-2023 10:49:52 UTC] PHP Warning:  Trying to access array offset on value of type null in C:\Users\User\Local Sites\gp-solutions-promo\app\public\wp-content\themes\gp-solution\page-main.php on line 135
[21-Nov-2023 10:49:52 UTC] PHP Warning:  Undefined variable $employee in C:\Users\User\Local Sites\gp-solutions-promo\app\public\wp-content\themes\gp-solution\page-main.php on line 140
[21-Nov-2023 10:49:52 UTC] PHP Warning:  Trying to access array offset on value of type null in C:\Users\User\Local Sites\gp-solutions-promo\app\public\wp-content\themes\gp-solution\page-main.php on line 140
[21-Nov-2023 10:49:52 UTC] PHP Warning:  Undefined variable $employee in C:\Users\User\Local Sites\gp-solutions-promo\app\public\wp-content\themes\gp-solution\page-main.php on line 141
[21-Nov-2023 10:49:52 UTC] PHP Warning:  Trying to access array offset on value of type null in C:\Users\User\Local Sites\gp-solutions-promo\app\public\wp-content\themes\gp-solution\page-main.php on line 141
[21-Nov-2023 10:49:52 UTC] PHP Warning:  Undefined variable $employee in C:\Users\User\Local Sites\gp-solutions-promo\app\public\wp-content\themes\gp-solution\page-main.php on line 134
[21-Nov-2023 10:49:52 UTC] PHP Warning:  Trying to access array offset on value of type null in C:\Users\User\Local Sites\gp-solutions-promo\app\public\wp-content\themes\gp-solution\page-main.php on line 134
[21-Nov-2023 10:49:52 UTC] PHP Warning:  Undefined variable $employee in C:\Users\User\Local Sites\gp-solutions-promo\app\public\wp-content\themes\gp-solution\page-main.php on line 135
[21-Nov-2023 10:49:52 UTC] PHP Warning:  Trying to access array offset on value of type null in C:\Users\User\Local Sites\gp-solutions-promo\app\public\wp-content\themes\gp-solution\page-main.php on line 135
[21-Nov-2023 10:49:52 UTC] PHP Warning:  Undefined variable $employee in C:\Users\User\Local Sites\gp-solutions-promo\app\public\wp-content\themes\gp-solution\page-main.php on line 140
[21-Nov-2023 10:49:52 UTC] PHP Warning:  Trying to access array offset on value of type null in C:\Users\User\Local Sites\gp-solutions-promo\app\public\wp-content\themes\gp-solution\page-main.php on line 140
[21-Nov-2023 10:49:52 UTC] PHP Warning:  Undefined variable $employee in C:\Users\User\Local Sites\gp-solutions-promo\app\public\wp-content\themes\gp-solution\page-main.php on line 141
[21-Nov-2023 10:49:52 UTC] PHP Warning:  Trying to access array offset on value of type null in C:\Users\User\Local Sites\gp-solutions-promo\app\public\wp-content\themes\gp-solution\page-main.php on line 141
[21-Nov-2023 10:49:52 UTC] PHP Warning:  Undefined variable $employee in C:\Users\User\Local Sites\gp-solutions-promo\app\public\wp-content\themes\gp-solution\page-main.php on line 134
[21-Nov-2023 10:49:52 UTC] PHP Warning:  Trying to access array offset on value of type null in C:\Users\User\Local Sites\gp-solutions-promo\app\public\wp-content\themes\gp-solution\page-main.php on line 134
[21-Nov-2023 10:49:52 UTC] PHP Warning:  Undefined variable $employee in C:\Users\User\Local Sites\gp-solutions-promo\app\public\wp-content\themes\gp-solution\page-main.php on line 135
[21-Nov-2023 10:49:52 UTC] PHP Warning:  Trying to access array offset on value of type null in C:\Users\User\Local Sites\gp-solutions-promo\app\public\wp-content\themes\gp-solution\page-main.php on line 135
[21-Nov-2023 10:49:52 UTC] PHP Warning:  Undefined variable $employee in C:\Users\User\Local Sites\gp-solutions-promo\app\public\wp-content\themes\gp-solution\page-main.php on line 140
[21-Nov-2023 10:49:52 UTC] PHP Warning:  Trying to access array offset on value of type null in C:\Users\User\Local Sites\gp-solutions-promo\app\public\wp-content\themes\gp-solution\page-main.php on line 140
[21-Nov-2023 10:49:52 UTC] PHP Warning:  Undefined variable $employee in C:\Users\User\Local Sites\gp-solutions-promo\app\public\wp-content\themes\gp-solution\page-main.php on line 141
[21-Nov-2023 10:49:52 UTC] PHP Warning:  Trying to access array offset on value of type null in C:\Users\User\Local Sites\gp-solutions-promo\app\public\wp-content\themes\gp-solution\page-main.php on line 141
[21-Nov-2023 10:49:52 UTC] PHP Warning:  Undefined variable $employee in C:\Users\User\Local Sites\gp-solutions-promo\app\public\wp-content\themes\gp-solution\page-main.php on line 134
[21-Nov-2023 10:49:52 UTC] PHP Warning:  Trying to access array offset on value of type null in C:\Users\User\Local Sites\gp-solutions-promo\app\public\wp-content\themes\gp-solution\page-main.php on line 134
[21-Nov-2023 10:49:52 UTC] PHP Warning:  Undefined variable $employee in C:\Users\User\Local Sites\gp-solutions-promo\app\public\wp-content\themes\gp-solution\page-main.php on line 135
[21-Nov-2023 10:49:52 UTC] PHP Warning:  Trying to access array offset on value of type null in C:\Users\User\Local Sites\gp-solutions-promo\app\public\wp-content\themes\gp-solution\page-main.php on line 135
[21-Nov-2023 10:49:52 UTC] PHP Warning:  Undefined variable $employee in C:\Users\User\Local Sites\gp-solutions-promo\app\public\wp-content\themes\gp-solution\page-main.php on line 140
[21-Nov-2023 10:49:52 UTC] PHP Warning:  Trying to access array offset on value of type null in C:\Users\User\Local Sites\gp-solutions-promo\app\public\wp-content\themes\gp-solution\page-main.php on line 140
[21-Nov-2023 10:49:52 UTC] PHP Warning:  Undefined variable $employee in C:\Users\User\Local Sites\gp-solutions-promo\app\public\wp-content\themes\gp-solution\page-main.php on line 141
[21-Nov-2023 10:49:52 UTC] PHP Warning:  Trying to access array offset on value of type null in C:\Users\User\Local Sites\gp-solutions-promo\app\public\wp-content\themes\gp-solution\page-main.php on line 141
[21-Nov-2023 10:49:52 UTC] PHP Warning:  Undefined variable $employee in C:\Users\User\Local Sites\gp-solutions-promo\app\public\wp-content\themes\gp-solution\page-main.php on line 134
[21-Nov-2023 10:49:52 UTC] PHP Warning:  Trying to access array offset on value of type null in C:\Users\User\Local Sites\gp-solutions-promo\app\public\wp-content\themes\gp-solution\page-main.php on line 134
[21-Nov-2023 10:49:52 UTC] PHP Warning:  Undefined variable $employee in C:\Users\User\Local Sites\gp-solutions-promo\app\public\wp-content\themes\gp-solution\page-main.php on line 135
[21-Nov-2023 10:49:52 UTC] PHP Warning:  Trying to access array offset on value of type null in C:\Users\User\Local Sites\gp-solutions-promo\app\public\wp-content\themes\gp-solution\page-main.php on line 135
[21-Nov-2023 10:49:52 UTC] PHP Warning:  Undefined variable $employee in C:\Users\User\Local Sites\gp-solutions-promo\app\public\wp-content\themes\gp-solution\page-main.php on line 140
[21-Nov-2023 10:49:52 UTC] PHP Warning:  Trying to access array offset on value of type null in C:\Users\User\Local Sites\gp-solutions-promo\app\public\wp-content\themes\gp-solution\page-main.php on line 140
[21-Nov-2023 10:49:52 UTC] PHP Warning:  Undefined variable $employee in C:\Users\User\Local Sites\gp-solutions-promo\app\public\wp-content\themes\gp-solution\page-main.php on line 141
[21-Nov-2023 10:49:52 UTC] PHP Warning:  Trying to access array offset on value of type null in C:\Users\User\Local Sites\gp-solutions-promo\app\public\wp-content\themes\gp-solution\page-main.php on line 141
[21-Nov-2023 10:49:52 UTC] PHP Warning:  Undefined variable $employee in C:\Users\User\Local Sites\gp-solutions-promo\app\public\wp-content\themes\gp-solution\page-main.php on line 134
[21-Nov-2023 10:49:52 UTC] PHP Warning:  Trying to access array offset on value of type null in C:\Users\User\Local Sites\gp-solutions-promo\app\public\wp-content\themes\gp-solution\page-main.php on line 134
[21-Nov-2023 10:49:52 UTC] PHP Warning:  Undefined variable $employee in C:\Users\User\Local Sites\gp-solutions-promo\app\public\wp-content\themes\gp-solution\page-main.php on line 135
[21-Nov-2023 10:49:52 UTC] PHP Warning:  Trying to access array offset on value of type null in C:\Users\User\Local Sites\gp-solutions-promo\app\public\wp-content\themes\gp-solution\page-main.php on line 135
[21-Nov-2023 10:49:52 UTC] PHP Warning:  Undefined variable $employee in C:\Users\User\Local Sites\gp-solutions-promo\app\public\wp-content\themes\gp-solution\page-main.php on line 140
[21-Nov-2023 10:49:52 UTC] PHP Warning:  Trying to access array offset on value of type null in C:\Users\User\Local Sites\gp-solutions-promo\app\public\wp-content\themes\gp-solution\page-main.php on line 140
[21-Nov-2023 10:49:52 UTC] PHP Warning:  Undefined variable $employee in C:\Users\User\Local Sites\gp-solutions-promo\app\public\wp-content\themes\gp-solution\page-main.php on line 141
[21-Nov-2023 10:49:52 UTC] PHP Warning:  Trying to access array offset on value of type null in C:\Users\User\Local Sites\gp-solutions-promo\app\public\wp-content\themes\gp-solution\page-main.php on line 141
